Build started 3/30/2017 3:31:58 PM.
     1>Project "E:\ENG276IN\C\filterbitmap\filterbitmap\filterbitmap.vcxproj" on node 2 (Build target(s)).
     1>ClCompile:
         C:\Program Files (x86)\Microsoft Visual Studio 12.0\VC\bin\CL.exe /c /ZI /nologo /W4 /WX- /Od /Oy- /D WIN32 /D _DEBUG /D _CONSOLE /D _LIB /D _UNICODE /D UNICODE /Gm /EHsc /RTC1 /MDd /GS /fp:precise /Zc:wchar_t /Zc:forScope /Fo"Debug\\" /Fd"Debug\vc120.pdb" /Gd /TC /analyze- /errorReport:prompt ImageFilters.c main.c
         main.c
         ImageFilters.c
     1>e:\eng276in\c\filterbitmap\filterbitmap\imagefilters.c(215): warning C4100: 'level' : unreferenced formal parameter
     1>e:\eng276in\c\filterbitmap\filterbitmap\imagefilters.c(291): warning C4018: '<=' : signed/unsigned mismatch
     1>e:\eng276in\c\filterbitmap\filterbitmap\imagefilters.c(293): warning C4018: '<=' : signed/unsigned mismatch
     1>e:\eng276in\c\filterbitmap\filterbitmap\imagefilters.c(296): warning C4018: '<' : signed/unsigned mismatch
     1>e:\eng276in\c\filterbitmap\filterbitmap\imagefilters.c(404): warning C4189: 'pKernelCenter' : local variable is initialized but not referenced
         Generating Code...
       Link:
         C:\Program Files (x86)\Microsoft Visual Studio 12.0\VC\bin\link.exe /ERRORREPORT:PROMPT /OUT:"E:\ENG276IN\C\filterbitmap\Debug\filterbitmap.exe" /INCREMENTAL /NOLOGO kernel32.lib user32.lib gdi32.lib winspool.lib comdlg32.lib advapi32.lib shell32.lib ole32.lib oleaut32.lib uuid.lib odbc32.lib odbccp32.lib /MANIFEST /MANIFESTUAC:"level='asInvoker' uiAccess='false'" /manifest:embed /DEBUG /PDB:"E:\ENG276IN\C\filterbitmap\Debug\filterbitmap.pdb" /SUBSYSTEM:CONSOLE /TLBID:1 /DYNAMICBASE /NXCOMPAT /IMPLIB:"E:\ENG276IN\C\filterbitmap\Debug\filterbitmap.lib" /MACHINE:X86 Debug\Image.obj
         Debug\ImageFilters.obj
         Debug\main.obj
         filterbitmap.vcxproj -> E:\ENG276IN\C\filterbitmap\Debug\filterbitmap.exe
     1>Done Building Project "E:\ENG276IN\C\filterbitmap\filterbitmap\filterbitmap.vcxproj" (Build target(s)).

Build succeeded.

Time Elapsed 00:00:01.84
